<html>
<head>
<title>TestNG:  ZigWheels(Edge)-Test</title>
<link href="../testng.css" rel="stylesheet" type="text/css" />
<link href="../my-testng.css" rel="stylesheet" type="text/css" />

<style type="text/css">
.log { display: none;} 
.stack-trace { display: none;} 
</style>
<script type="text/javascript">
<!--
function flip(e) {
  current = e.style.display;
  if (current == 'block') {
    e.style.display = 'none';
    return 0;
  }
  else {
    e.style.display = 'block';
    return 1;
  }
}

function toggleBox(szDivId, elem, msg1, msg2)
{
  var res = -1;  if (document.getElementById) {
    res = flip(document.getElementById(szDivId));
  }
  else if (document.all) {
    // this is the way old msie versions work
    res = flip(document.all[szDivId]);
  }
  if(elem) {
    if(res == 0) elem.innerHTML = msg1; else elem.innerHTML = msg2;
  }

}

function toggleAllBoxes() {
  if (document.getElementsByTagName) {
    d = document.getElementsByTagName('div');
    for (i = 0; i < d.length; i++) {
      if (d[i].className == 'log') {
        flip(d[i]);
      }
    }
  }
}

// -->
</script>

</head>
<body>
<h2 align='center'>ZigWheels(Edge)-Test</h2><table border='1' align="center">
<tr>
<td>Tests passed/Failed/Skipped:</td><td>9/4/0</td>
</tr><tr>
<td>Started on:</td><td>Mon Apr 08 14:39:48 IST 2024</td>
</tr>
<tr><td>Total time:</td><td>134 seconds (134128 ms)</td>
</tr><tr>
<td>Included groups:</td><td></td>
</tr><tr>
<td>Excluded groups:</td><td></td>
</tr>
</table><p/>
<small><i>(Hover the method name to see the test class name)</i></small><p/>
<table width='100%' border='1' class='invocation-failed'>
<tr><td colspan='4' align='center'><b>FAILED TESTS</b></td></tr>
<tr><td><b>Test method</b></td>
<td><b>Attribute(s)</b></td>
<td width="30%"><b>Exception</b></td>
<td width="10%"><b>Time (seconds)</b></td>
<td><b>Instance</b></td>
</tr>
<tr>
<td title='testSuites.TestSuite3_Login.validateGoogleLink()'><b>validateGoogleLink</b><br>Test class: testSuites.TestSuite3_Login<br>Test method: Validating whether Google-Sign-In Page is getting opened after Clicking</td>
<td><div><pre>java.lang.AssertionError: expected [true] but found [false]
	at testSuites.TestSuite3_Login.validateGoogleLink(TestSuite3_Login.java:117)
	at java.base/java.util.ArrayList.forEach(ArrayList.java:1511)
	at java.base/java.util.concurrent.FutureTask.run(FutureTask.java:264)
	at java.base/java.util.concurrent.ThreadPoolExecutor.runWorker(ThreadPoolExecutor.java:1136)
	at java.base/java.util.concurrent.ThreadPoolExecutor$Worker.run(ThreadPoolExecutor.java:635)
	at java.base/java.lang.Thread.run(Thread.java:833)
... Removed 24 stack frames</pre></div><a href='#' onClick='toggleBox("stack-trace2007418071", this, "Click to show all stack frames", "Click to hide stack frames")'>Click to show all stack frames</a>
<div class='stack-trace' id='stack-trace2007418071'><pre>java.lang.AssertionError: expected [true] but found [false]
	at org.testng.Assert.fail(Assert.java:111)
	at org.testng.Assert.failNotEquals(Assert.java:1578)
	at org.testng.Assert.assertEqualsImpl(Assert.java:150)
	at org.testng.Assert.assertEquals(Assert.java:132)
	at org.testng.Assert.assertEquals(Assert.java:1067)
	at org.testng.Assert.assertEquals(Assert.java:1031)
	at org.testng.Assert.assertEquals(Assert.java:1077)
	at testSuites.TestSuite3_Login.validateGoogleLink(TestSuite3_Login.java:117)
	at java.base/jdk.internal.reflect.NativeMethodAccessorImpl.invoke0(Native Method)
	at java.base/jdk.internal.reflect.NativeMethodAccessorImpl.invoke(NativeMethodAccessorImpl.java:77)
	at java.base/jdk.internal.reflect.DelegatingMethodAccessorImpl.invoke(DelegatingMethodAccessorImpl.java:43)
	at java.base/java.lang.reflect.Method.invoke(Method.java:568)
	at org.testng.internal.invokers.MethodInvocationHelper.invokeMethod(MethodInvocationHelper.java:139)
	at org.testng.internal.invokers.TestInvoker.invokeMethod(TestInvoker.java:664)
	at org.testng.internal.invokers.TestInvoker.invokeTestMethod(TestInvoker.java:228)
	at org.testng.internal.invokers.MethodRunner.runInSequence(MethodRunner.java:63)
	at org.testng.internal.invokers.TestInvoker$MethodInvocationAgent.invoke(TestInvoker.java:961)
	at org.testng.internal.invokers.TestInvoker.invokeTestMethods(TestInvoker.java:201)
	at org.testng.internal.invokers.TestMethodWorker.invokeTestMethods(TestMethodWorker.java:148)
	at org.testng.internal.invokers.TestMethodWorker.run(TestMethodWorker.java:128)
	at java.base/java.util.ArrayList.forEach(ArrayList.java:1511)
	at org.testng.TestRunner.privateRun(TestRunner.java:819)
	at org.testng.TestRunner.run(TestRunner.java:619)
	at org.testng.SuiteRunner.runTest(SuiteRunner.java:443)
	at org.testng.SuiteRunner$SuiteWorker.run(SuiteRunner.java:481)
	at org.testng.internal.thread.ThreadUtil.lambda$execute$0(ThreadUtil.java:58)
	at java.base/java.util.concurrent.FutureTask.run(FutureTask.java:264)
	at java.base/java.util.concurrent.ThreadPoolExecutor.runWorker(ThreadPoolExecutor.java:1136)
	at java.base/java.util.concurrent.ThreadPoolExecutor$Worker.run(ThreadPoolExecutor.java:635)
	at java.base/java.lang.Thread.run(Thread.java:833)
</pre></div></td>
<td>5</td>
<td>testSuites.TestSuite3_Login@45b4c3a9</td></tr>
<tr>
<td title='testSuites.TestSuite1_UpcomingHondaBikes.validateManufacturerDropdown()'><b>validateManufacturerDropdown</b><br>Test class: testSuites.TestSuite1_UpcomingHondaBikes<br>Test method: Validating and Getting Dropdown of Manufacturing</td>
<td><div><pre>java.lang.AssertionError: null
	at testSuites.TestSuite1_UpcomingHondaBikes.validateManufacturerDropdown(TestSuite1_UpcomingHondaBikes.java:140)
	at java.base/java.util.ArrayList.forEach(ArrayList.java:1511)
	at java.base/java.util.concurrent.FutureTask.run(FutureTask.java:264)
	at java.base/java.util.concurrent.ThreadPoolExecutor.runWorker(ThreadPoolExecutor.java:1136)
	at java.base/java.util.concurrent.ThreadPoolExecutor$Worker.run(ThreadPoolExecutor.java:635)
	at java.base/java.lang.Thread.run(Thread.java:833)
... Removed 19 stack frames</pre></div><a href='#' onClick='toggleBox("stack-trace1461840135", this, "Click to show all stack frames", "Click to hide stack frames")'>Click to show all stack frames</a>
<div class='stack-trace' id='stack-trace1461840135'><pre>java.lang.AssertionError: null
	at org.testng.Assert.fail(Assert.java:111)
	at org.testng.Assert.fail(Assert.java:116)
	at testSuites.TestSuite1_UpcomingHondaBikes.validateManufacturerDropdown(TestSuite1_UpcomingHondaBikes.java:140)
	at java.base/jdk.internal.reflect.NativeMethodAccessorImpl.invoke0(Native Method)
	at java.base/jdk.internal.reflect.NativeMethodAccessorImpl.invoke(NativeMethodAccessorImpl.java:77)
	at java.base/jdk.internal.reflect.DelegatingMethodAccessorImpl.invoke(DelegatingMethodAccessorImpl.java:43)
	at java.base/java.lang.reflect.Method.invoke(Method.java:568)
	at org.testng.internal.invokers.MethodInvocationHelper.invokeMethod(MethodInvocationHelper.java:139)
	at org.testng.internal.invokers.TestInvoker.invokeMethod(TestInvoker.java:664)
	at org.testng.internal.invokers.TestInvoker.invokeTestMethod(TestInvoker.java:228)
	at org.testng.internal.invokers.MethodRunner.runInSequence(MethodRunner.java:63)
	at org.testng.internal.invokers.TestInvoker$MethodInvocationAgent.invoke(TestInvoker.java:961)
	at org.testng.internal.invokers.TestInvoker.invokeTestMethods(TestInvoker.java:201)
	at org.testng.internal.invokers.TestMethodWorker.invokeTestMethods(TestMethodWorker.java:148)
	at org.testng.internal.invokers.TestMethodWorker.run(TestMethodWorker.java:128)
	at java.base/java.util.ArrayList.forEach(ArrayList.java:1511)
	at org.testng.TestRunner.privateRun(TestRunner.java:819)
	at org.testng.TestRunner.run(TestRunner.java:619)
	at org.testng.SuiteRunner.runTest(SuiteRunner.java:443)
	at org.testng.SuiteRunner$SuiteWorker.run(SuiteRunner.java:481)
	at org.testng.internal.thread.ThreadUtil.lambda$execute$0(ThreadUtil.java:58)
	at java.base/java.util.concurrent.FutureTask.run(FutureTask.java:264)
	at java.base/java.util.concurrent.ThreadPoolExecutor.runWorker(ThreadPoolExecutor.java:1136)
	at java.base/java.util.concurrent.ThreadPoolExecutor$Worker.run(ThreadPoolExecutor.java:635)
	at java.base/java.lang.Thread.run(Thread.java:833)
</pre></div></td>
<td>10</td>
<td>testSuites.TestSuite1_UpcomingHondaBikes@1190200a</td></tr>
<tr>
<td title='testSuites.TestSuite3_Login.captureErrorMessafeWithInvalidMail()'><b>captureErrorMessafeWithInvalidMail</b><br>Test class: testSuites.TestSuite3_Login<br>Test method: Validating whether error message is displayed when invalid gmail id is entered and Capturing the error message</td>
<td><div><pre>java.lang.AssertionError: null
	at testSuites.TestSuite3_Login.captureErrorMessafeWithInvalidMail(TestSuite3_Login.java:158)
	at java.base/java.util.ArrayList.forEach(ArrayList.java:1511)
	at java.base/java.util.concurrent.FutureTask.run(FutureTask.java:264)
	at java.base/java.util.concurrent.ThreadPoolExecutor.runWorker(ThreadPoolExecutor.java:1136)
	at java.base/java.util.concurrent.ThreadPoolExecutor$Worker.run(ThreadPoolExecutor.java:635)
	at java.base/java.lang.Thread.run(Thread.java:833)
... Removed 19 stack frames</pre></div><a href='#' onClick='toggleBox("stack-trace80145390", this, "Click to show all stack frames", "Click to hide stack frames")'>Click to show all stack frames</a>
<div class='stack-trace' id='stack-trace80145390'><pre>java.lang.AssertionError: null
	at org.testng.Assert.fail(Assert.java:111)
	at org.testng.Assert.fail(Assert.java:116)
	at testSuites.TestSuite3_Login.captureErrorMessafeWithInvalidMail(TestSuite3_Login.java:158)
	at java.base/jdk.internal.reflect.NativeMethodAccessorImpl.invoke0(Native Method)
	at java.base/jdk.internal.reflect.NativeMethodAccessorImpl.invoke(NativeMethodAccessorImpl.java:77)
	at java.base/jdk.internal.reflect.DelegatingMethodAccessorImpl.invoke(DelegatingMethodAccessorImpl.java:43)
	at java.base/java.lang.reflect.Method.invoke(Method.java:568)
	at org.testng.internal.invokers.MethodInvocationHelper.invokeMethod(MethodInvocationHelper.java:139)
	at org.testng.internal.invokers.TestInvoker.invokeMethod(TestInvoker.java:664)
	at org.testng.internal.invokers.TestInvoker.invokeTestMethod(TestInvoker.java:228)
	at org.testng.internal.invokers.MethodRunner.runInSequence(MethodRunner.java:63)
	at org.testng.internal.invokers.TestInvoker$MethodInvocationAgent.invoke(TestInvoker.java:961)
	at org.testng.internal.invokers.TestInvoker.invokeTestMethods(TestInvoker.java:201)
	at org.testng.internal.invokers.TestMethodWorker.invokeTestMethods(TestMethodWorker.java:148)
	at org.testng.internal.invokers.TestMethodWorker.run(TestMethodWorker.java:128)
	at java.base/java.util.ArrayList.forEach(ArrayList.java:1511)
	at org.testng.TestRunner.privateRun(TestRunner.java:819)
	at org.testng.TestRunner.run(TestRunner.java:619)
	at org.testng.SuiteRunner.runTest(SuiteRunner.java:443)
	at org.testng.SuiteRunner$SuiteWorker.run(SuiteRunner.java:481)
	at org.testng.internal.thread.ThreadUtil.lambda$execute$0(ThreadUtil.java:58)
	at java.base/java.util.concurrent.FutureTask.run(FutureTask.java:264)
	at java.base/java.util.concurrent.ThreadPoolExecutor.runWorker(ThreadPoolExecutor.java:1136)
	at java.base/java.util.concurrent.ThreadPoolExecutor$Worker.run(ThreadPoolExecutor.java:635)
	at java.base/java.lang.Thread.run(Thread.java:833)
</pre></div></td>
<td>10</td>
<td>testSuites.TestSuite3_Login@45b4c3a9</td></tr>
<tr>
<td title='testSuites.TestSuite1_UpcomingHondaBikes.validateUpcomingBikesButton()'><b>validateUpcomingBikesButton</b><br>Test class: testSuites.TestSuite1_UpcomingHondaBikes<br>Test method: Validating whether Upcoming-Bikes-Page is getting opened after Clicking</td>
<td><div><pre>java.lang.AssertionError: expected [https://www.zigwheels.com/upcoming-bikes] but found [https://www.zigwheels.com/used-car/Chennai]
	at testSuites.TestSuite1_UpcomingHondaBikes.validateUpcomingBikesButton(TestSuite1_UpcomingHondaBikes.java:96)
	at java.base/java.util.ArrayList.forEach(ArrayList.java:1511)
	at java.base/java.util.concurrent.FutureTask.run(FutureTask.java:264)
	at java.base/java.util.concurrent.ThreadPoolExecutor.runWorker(ThreadPoolExecutor.java:1136)
	at java.base/java.util.concurrent.ThreadPoolExecutor$Worker.run(ThreadPoolExecutor.java:635)
	at java.base/java.lang.Thread.run(Thread.java:833)
... Removed 23 stack frames</pre></div><a href='#' onClick='toggleBox("stack-trace292459015", this, "Click to show all stack frames", "Click to hide stack frames")'>Click to show all stack frames</a>
<div class='stack-trace' id='stack-trace292459015'><pre>java.lang.AssertionError: expected [https://www.zigwheels.com/upcoming-bikes] but found [https://www.zigwheels.com/used-car/Chennai]
	at org.testng.Assert.fail(Assert.java:111)
	at org.testng.Assert.failNotEquals(Assert.java:1578)
	at org.testng.Assert.assertEqualsImpl(Assert.java:150)
	at org.testng.Assert.assertEquals(Assert.java:132)
	at org.testng.Assert.assertEquals(Assert.java:656)
	at org.testng.Assert.assertEquals(Assert.java:666)
	at testSuites.TestSuite1_UpcomingHondaBikes.validateUpcomingBikesButton(TestSuite1_UpcomingHondaBikes.java:96)
	at java.base/jdk.internal.reflect.NativeMethodAccessorImpl.invoke0(Native Method)
	at java.base/jdk.internal.reflect.NativeMethodAccessorImpl.invoke(NativeMethodAccessorImpl.java:77)
	at java.base/jdk.internal.reflect.DelegatingMethodAccessorImpl.invoke(DelegatingMethodAccessorImpl.java:43)
	at java.base/java.lang.reflect.Method.invoke(Method.java:568)
	at org.testng.internal.invokers.MethodInvocationHelper.invokeMethod(MethodInvocationHelper.java:139)
	at org.testng.internal.invokers.TestInvoker.invokeMethod(TestInvoker.java:664)
	at org.testng.internal.invokers.TestInvoker.invokeTestMethod(TestInvoker.java:228)
	at org.testng.internal.invokers.MethodRunner.runInSequence(MethodRunner.java:63)
	at org.testng.internal.invokers.TestInvoker$MethodInvocationAgent.invoke(TestInvoker.java:961)
	at org.testng.internal.invokers.TestInvoker.invokeTestMethods(TestInvoker.java:201)
	at org.testng.internal.invokers.TestMethodWorker.invokeTestMethods(TestMethodWorker.java:148)
	at org.testng.internal.invokers.TestMethodWorker.run(TestMethodWorker.java:128)
	at java.base/java.util.ArrayList.forEach(ArrayList.java:1511)
	at org.testng.TestRunner.privateRun(TestRunner.java:819)
	at org.testng.TestRunner.run(TestRunner.java:619)
	at org.testng.SuiteRunner.runTest(SuiteRunner.java:443)
	at org.testng.SuiteRunner$SuiteWorker.run(SuiteRunner.java:481)
	at org.testng.internal.thread.ThreadUtil.lambda$execute$0(ThreadUtil.java:58)
	at java.base/java.util.concurrent.FutureTask.run(FutureTask.java:264)
	at java.base/java.util.concurrent.ThreadPoolExecutor.runWorker(ThreadPoolExecutor.java:1136)
	at java.base/java.util.concurrent.ThreadPoolExecutor$Worker.run(ThreadPoolExecutor.java:635)
	at java.base/java.lang.Thread.run(Thread.java:833)
</pre></div></td>
<td>3</td>
<td>testSuites.TestSuite1_UpcomingHondaBikes@1190200a</td></tr>
</table><p>
<table width='100%' border='1' class='invocation-passed'>
<tr><td colspan='4' align='center'><b>PASSED TESTS</b></td></tr>
<tr><td><b>Test method</b></td>
<td><b>Attribute(s)</b></td>
<td width="30%"><b>Exception</b></td>
<td width="10%"><b>Time (seconds)</b></td>
<td><b>Instance</b></td>
</tr>
<tr>
<td title='testSuites.TestSuite2_UsedCarsInChennai.validatePopularModelsIsDisplayed()'><b>validatePopularModelsIsDisplayed</b><br>Test class: testSuites.TestSuite2_UsedCarsInChennai<br>Test method: Validating whether Popular Models section is displayed or not</td>
<td></td>
<td>0</td>
<td>testSuites.TestSuite2_UsedCarsInChennai@6a2f6f80</td></tr>
<tr>
<td title='testSuites.TestSuite3_Login.validateLoginScreenVisible()'><b>validateLoginScreenVisible</b><br>Test class: testSuites.TestSuite3_Login<br>Test method: Validating whether Login Page is getting opened after Clicking</td>
<td></td>
<td>0</td>
<td>testSuites.TestSuite3_Login@45b4c3a9</td></tr>
<tr>
<td title='testSuites.TestSuite3_Login.valiateLoginButtonIsClickable()'><b>valiateLoginButtonIsClickable</b><br>Test class: testSuites.TestSuite3_Login<br>Test method: Validating whether Login is Clickable</td>
<td></td>
<td>1</td>
<td>testSuites.TestSuite3_Login@45b4c3a9</td></tr>
<tr>
<td title='testSuites.TestSuite2_UsedCarsInChennai.validateChennaiIsClickable()'><b>validateChennaiIsClickable</b><br>Test class: testSuites.TestSuite2_UsedCarsInChennai<br>Test method: Validating whether Chennai Button is Clickable</td>
<td></td>
<td>0</td>
<td>testSuites.TestSuite2_UsedCarsInChennai@6a2f6f80</td></tr>
<tr>
<td title='testSuites.TestSuite2_UsedCarsInChennai.validateChennaiLink()'><b>validateChennaiLink</b><br>Test class: testSuites.TestSuite2_UsedCarsInChennai<br>Test method: Validating whether Used-Cars-In-Chennai-Page is getting opened after Clicking</td>
<td></td>
<td>6</td>
<td>testSuites.TestSuite2_UsedCarsInChennai@6a2f6f80</td></tr>
<tr>
<td title='testSuites.TestSuite1_UpcomingHondaBikes.validateNewBikesDropdown()'><b>validateNewBikesDropdown</b><br>Test class: testSuites.TestSuite1_UpcomingHondaBikes<br>Test method: Validating Dropdown of New-Bikes Section and Capturing the Options</td>
<td></td>
<td>13</td>
<td>testSuites.TestSuite1_UpcomingHondaBikes@1190200a</td></tr>
<tr>
<td title='testSuites.TestSuite2_UsedCarsInChennai.validateUsedCarsDropdown()'><b>validateUsedCarsDropdown</b><br>Test class: testSuites.TestSuite2_UsedCarsInChennai<br>Test method: Validating and Getting Dropdown of Used-Cars Section</td>
<td></td>
<td>12</td>
<td>testSuites.TestSuite2_UsedCarsInChennai@6a2f6f80</td></tr>
<tr>
<td title='testSuites.TestSuite1_UpcomingHondaBikes.validateUpcomingBikeIsClickable()'><b>validateUpcomingBikeIsClickable</b><br>Test class: testSuites.TestSuite1_UpcomingHondaBikes<br>Test method: Validating whether Upcoming-Bikes Button is Clickable</td>
<td></td>
<td>0</td>
<td>testSuites.TestSuite1_UpcomingHondaBikes@1190200a</td></tr>
<tr>
<td title='testSuites.TestSuite3_Login.validateGoogleButtonIsClickable()'><b>validateGoogleButtonIsClickable</b><br>Test class: testSuites.TestSuite3_Login<br>Test method: Validating whether Google is Clickabe</td>
<td></td>
<td>0</td>
<td>testSuites.TestSuite3_Login@45b4c3a9</td></tr>
</table><p>
</body>
</html>